<?xml version="1.0" encoding="UTF-8"?>
<coverage generated="1539460598790" clover="3.2.0">
  <project timestamp="1539460598790" name="All files">
    <metrics statements="93" coveredstatements="53" conditionals="66" coveredconditionals="39" methods="13" coveredmethods="3" elements="172" coveredelements="95" complexity="0" loc="93" ncloc="93" packages="2" files="5" classes="5">
      <package name="src">
        <metrics statements="90" coveredstatements="50" conditionals="66" coveredconditionals="39" methods="13" coveredmethods="3"/>
        <file name="T.js" path="/Users/patricktrester/Library/Mobile Documents/com~apple~CloudDocs/web-sites/treejs/src/T.js">
          <metrics statements="1" coveredstatements="1" conditionals="0" coveredconditionals="0" methods="0" coveredmethods="0"/>
          <line num="1" count="3" type="stmt"/>
        </file>
        <file name="state.js" path="/Users/patricktrester/Library/Mobile Documents/com~apple~CloudDocs/web-sites/treejs/src/state.js">
          <metrics statements="25" coveredstatements="5" conditionals="14" coveredconditionals="0" methods="5" coveredmethods="0"/>
          <line num="3" count="3" type="stmt"/>
          <line num="5" count="3" type="stmt"/>
          <line num="6" count="0" type="cond" truecount="0" falsecount="2"/>
          <line num="7" count="0" type="stmt"/>
          <line num="8" count="0" type="stmt"/>
          <line num="9" count="0" type="cond" truecount="0" falsecount="2"/>
          <line num="10" count="0" type="stmt"/>
          <line num="12" count="0" type="stmt"/>
          <line num="13" count="0" type="stmt"/>
          <line num="14" count="0" type="stmt"/>
          <line num="18" count="3" type="stmt"/>
          <line num="19" count="0" type="stmt"/>
          <line num="23" count="0" type="stmt"/>
          <line num="26" count="0" type="stmt"/>
          <line num="27" count="0" type="stmt"/>
          <line num="28" count="0" type="cond" truecount="0" falsecount="2"/>
          <line num="29" count="0" type="cond" truecount="0" falsecount="2"/>
          <line num="30" count="0" type="cond" truecount="0" falsecount="2"/>
          <line num="31" count="0" type="stmt"/>
          <line num="35" count="0" type="stmt"/>
          <line num="38" count="3" type="stmt"/>
          <line num="39" count="0" type="cond" truecount="0" falsecount="2"/>
          <line num="40" count="0" type="stmt"/>
          <line num="43" count="3" type="stmt"/>
          <line num="44" count="0" type="stmt"/>
        </file>
        <file name="templates.js" path="/Users/patricktrester/Library/Mobile Documents/com~apple~CloudDocs/web-sites/treejs/src/templates.js">
          <metrics statements="33" coveredstatements="13" conditionals="19" coveredconditionals="7" methods="6" coveredmethods="1"/>
          <line num="3" count="3" type="stmt"/>
          <line num="5" count="3" type="stmt"/>
          <line num="7" count="0" type="stmt"/>
          <line num="8" count="0" type="stmt"/>
          <line num="12" count="3" type="stmt"/>
          <line num="13" count="0" type="stmt"/>
          <line num="14" count="0" type="stmt"/>
          <line num="15" count="0" type="stmt"/>
          <line num="19" count="3" type="stmt"/>
          <line num="20" count="0" type="stmt"/>
          <line num="21" count="0" type="stmt"/>
          <line num="22" count="0" type="stmt"/>
          <line num="25" count="0" type="stmt"/>
          <line num="27" count="0" type="stmt"/>
          <line num="28" count="0" type="stmt"/>
          <line num="29" count="0" type="stmt"/>
          <line num="36" count="3" type="stmt"/>
          <line num="37" count="0" type="stmt"/>
          <line num="38" count="0" type="stmt"/>
          <line num="39" count="0" type="cond" truecount="0" falsecount="3"/>
          <line num="40" count="0" type="stmt"/>
          <line num="42" count="0" type="cond" truecount="0" falsecount="2"/>
          <line num="43" count="0" type="stmt"/>
          <line num="44" count="0" type="cond" truecount="0" falsecount="2"/>
          <line num="45" count="0" type="stmt"/>
          <line num="49" count="3" type="stmt"/>
          <line num="50" count="28" type="cond" truecount="1" falsecount="1"/>
          <line num="51" count="28" type="cond" truecount="2" falsecount="2"/>
          <line num="52" count="28" type="stmt"/>
          <line num="53" count="28" type="stmt"/>
          <line num="54" count="8" type="cond" truecount="2" falsecount="0"/>
          <line num="55" count="7" type="cond" truecount="2" falsecount="2"/>
          <line num="56" count="7" type="stmt"/>
        </file>
        <file name="tree.js" path="/Users/patricktrester/Library/Mobile Documents/com~apple~CloudDocs/web-sites/treejs/src/tree.js">
          <metrics statements="31" coveredstatements="31" conditionals="33" coveredconditionals="32" methods="2" coveredmethods="2"/>
          <line num="7" count="3" type="stmt"/>
          <line num="8" count="28" type="stmt"/>
          <line num="9" count="28" type="stmt"/>
          <line num="10" count="28" type="cond" truecount="4" falsecount="0"/>
          <line num="11" count="28" type="stmt"/>
          <line num="12" count="35" type="cond" truecount="2" falsecount="0"/>
          <line num="13" count="21" type="cond" truecount="2" falsecount="0"/>
          <line num="14" count="19" type="cond" truecount="1" falsecount="1"/>
          <line num="16" count="28" type="cond" truecount="2" falsecount="0"/>
          <line num="17" count="1" type="stmt"/>
          <line num="20" count="28" type="stmt"/>
          <line num="21" count="28" type="cond" truecount="2" falsecount="0"/>
          <line num="22" count="2" type="stmt"/>
          <line num="24" count="28" type="cond" truecount="2" falsecount="0"/>
          <line num="25" count="2" type="cond" truecount="2" falsecount="0"/>
          <line num="26" count="1" type="stmt"/>
          <line num="28" count="28" type="stmt"/>
          <line num="29" count="28" type="stmt"/>
          <line num="30" count="28" type="stmt"/>
          <line num="31" count="28" type="stmt"/>
          <line num="32" count="28" type="cond" truecount="6" falsecount="0"/>
          <line num="33" count="28" type="stmt"/>
          <line num="34" count="28" type="cond" truecount="2" falsecount="0"/>
          <line num="35" count="28" type="stmt"/>
          <line num="38" count="3" type="stmt"/>
          <line num="39" count="5" type="cond" truecount="5" falsecount="0"/>
          <line num="40" count="5" type="cond" truecount="2" falsecount="0"/>
          <line num="41" count="4" type="stmt"/>
          <line num="42" count="4" type="stmt"/>
          <line num="43" count="12" type="stmt"/>
          <line num="45" count="4" type="stmt"/>
        </file>
      </package>
      <package name="tests">
        <metrics statements="3" coveredstatements="3" conditionals="0" coveredconditionals="0" methods="0" coveredmethods="0"/>
        <file name="~environment.js" path="/Users/patricktrester/Library/Mobile Documents/com~apple~CloudDocs/web-sites/treejs/tests/~environment.js">
          <metrics statements="3" coveredstatements="3" conditionals="0" coveredconditionals="0" methods="0" coveredmethods="0"/>
          <line num="1" count="3" type="stmt"/>
          <line num="2" count="3" type="stmt"/>
          <line num="3" count="3" type="stmt"/>
        </file>
      </package>
    </metrics>
  </project>
</coverage>
