{"/Users/patricktrester/Library/Mobile Documents/com~apple~CloudDocs/web-sites/treejs/src/T.js": {"path":"/Users/patricktrester/Library/Mobile Documents/com~apple~CloudDocs/web-sites/treejs/src/T.js","statementMap":{"0":{"start":{"line":1,"column":10},"end":{"line":5,"column":1}}},"fnMap":{},"branchMap":{},"s":{"0":3},"f":{},"b":{},"_coverageSchema":"332fd63041d2c1bcb487cc26dd0d5f7d97098a6c","hash":"089528df369b267348e0457e357e735178efec95"}
,"/Users/patricktrester/Library/Mobile Documents/com~apple~CloudDocs/web-sites/treejs/src/state.js": {"path":"/Users/patricktrester/Library/Mobile Documents/com~apple~CloudDocs/web-sites/treejs/src/state.js","statementMap":{"0":{"start":{"line":3,"column":0},"end":{"line":3,"column":12}},"1":{"start":{"line":5,"column":0},"end":{"line":16,"column":1}},"2":{"start":{"line":6,"column":2},"end":{"line":15,"column":3}},"3":{"start":{"line":7,"column":4},"end":{"line":7,"column":24}},"4":{"start":{"line":8,"column":4},"end":{"line":8,"column":38}},"5":{"start":{"line":9,"column":9},"end":{"line":15,"column":3}},"6":{"start":{"line":10,"column":4},"end":{"line":10,"column":16}},"7":{"start":{"line":12,"column":4},"end":{"line":12,"column":38}},"8":{"start":{"line":13,"column":4},"end":{"line":13,"column":46}},"9":{"start":{"line":14,"column":4},"end":{"line":14,"column":15}},"10":{"start":{"line":18,"column":0},"end":{"line":36,"column":1}},"11":{"start":{"line":19,"column":2},"end":{"line":34,"column":3}},"12":{"start":{"line":23,"column":6},"end":{"line":23,"column":23}},"13":{"start":{"line":26,"column":6},"end":{"line":26,"column":27}},"14":{"start":{"line":27,"column":6},"end":{"line":32,"column":8}},"15":{"start":{"line":28,"column":8},"end":{"line":31,"column":38}},"16":{"start":{"line":28,"column":33},"end":{"line":28,"column":60}},"17":{"start":{"line":29,"column":13},"end":{"line":31,"column":38}},"18":{"start":{"line":29,"column":43},"end":{"line":29,"column":64}},"19":{"start":{"line":30,"column":13},"end":{"line":31,"column":38}},"20":{"start":{"line":30,"column":47},"end":{"line":30,"column":72}},"21":{"start":{"line":31,"column":13},"end":{"line":31,"column":38}},"22":{"start":{"line":35,"column":2},"end":{"line":35,"column":13}},"23":{"start":{"line":38,"column":0},"end":{"line":41,"column":1}},"24":{"start":{"line":39,"column":2},"end":{"line":40,"column":40}},"25":{"start":{"line":39,"column":39},"end":{"line":39,"column":71}},"26":{"start":{"line":40,"column":7},"end":{"line":40,"column":40}},"27":{"start":{"line":43,"column":0},"end":{"line":45,"column":1}},"28":{"start":{"line":44,"column":2},"end":{"line":44,"column":32}}},"fnMap":{"0":{"name":"(anonymous_0)","decl":{"start":{"line":5,"column":14},"end":{"line":5,"column":15}},"loc":{"start":{"line":5,"column":34},"end":{"line":16,"column":1}},"line":5},"1":{"name":"(anonymous_1)","decl":{"start":{"line":18,"column":13},"end":{"line":18,"column":14}},"loc":{"start":{"line":18,"column":45},"end":{"line":36,"column":1}},"line":18},"2":{"name":"(anonymous_2)","decl":{"start":{"line":27,"column":25},"end":{"line":27,"column":26}},"loc":{"start":{"line":27,"column":33},"end":{"line":32,"column":7}},"line":27},"3":{"name":"(anonymous_3)","decl":{"start":{"line":38,"column":13},"end":{"line":38,"column":14}},"loc":{"start":{"line":38,"column":45},"end":{"line":41,"column":1}},"line":38},"4":{"name":"(anonymous_4)","decl":{"start":{"line":43,"column":13},"end":{"line":43,"column":14}},"loc":{"start":{"line":43,"column":33},"end":{"line":45,"column":1}},"line":43}},"branchMap":{"0":{"loc":{"start":{"line":6,"column":2},"end":{"line":15,"column":3}},"type":"if","locations":[{"start":{"line":6,"column":2},"end":{"line":15,"column":3}},{"start":{"line":6,"column":2},"end":{"line":15,"column":3}}],"line":6},"1":{"loc":{"start":{"line":9,"column":9},"end":{"line":15,"column":3}},"type":"if","locations":[{"start":{"line":9,"column":9},"end":{"line":15,"column":3}},{"start":{"line":9,"column":9},"end":{"line":15,"column":3}}],"line":9},"2":{"loc":{"start":{"line":21,"column":11},"end":{"line":21,"column":27}},"type":"binary-expr","locations":[{"start":{"line":21,"column":11},"end":{"line":21,"column":21}},{"start":{"line":21,"column":25},"end":{"line":21,"column":27}}],"line":21},"3":{"loc":{"start":{"line":28,"column":8},"end":{"line":31,"column":38}},"type":"if","locations":[{"start":{"line":28,"column":8},"end":{"line":31,"column":38}},{"start":{"line":28,"column":8},"end":{"line":31,"column":38}}],"line":28},"4":{"loc":{"start":{"line":29,"column":13},"end":{"line":31,"column":38}},"type":"if","locations":[{"start":{"line":29,"column":13},"end":{"line":31,"column":38}},{"start":{"line":29,"column":13},"end":{"line":31,"column":38}}],"line":29},"5":{"loc":{"start":{"line":30,"column":13},"end":{"line":31,"column":38}},"type":"if","locations":[{"start":{"line":30,"column":13},"end":{"line":31,"column":38}},{"start":{"line":30,"column":13},"end":{"line":31,"column":38}}],"line":30},"6":{"loc":{"start":{"line":39,"column":2},"end":{"line":40,"column":40}},"type":"if","locations":[{"start":{"line":39,"column":2},"end":{"line":40,"column":40}},{"start":{"line":39,"column":2},"end":{"line":40,"column":40}}],"line":39}},"s":{"0":3,"1":3,"2":0,"3":0,"4":0,"5":0,"6":0,"7":0,"8":0,"9":0,"10":3,"11":0,"12":0,"13":0,"14":0,"15":0,"16":0,"17":0,"18":0,"19":0,"20":0,"21":0,"22":0,"23":3,"24":0,"25":0,"26":0,"27":3,"28":0},"f":{"0":0,"1":0,"2":0,"3":0,"4":0},"b":{"0":[0,0],"1":[0,0],"2":[0,0],"3":[0,0],"4":[0,0],"5":[0,0],"6":[0,0]},"_coverageSchema":"332fd63041d2c1bcb487cc26dd0d5f7d97098a6c","hash":"aed0fe034e9e2ef2c3221edd26dfc92115ebfb2a"}
,"/Users/patricktrester/Library/Mobile Documents/com~apple~CloudDocs/web-sites/treejs/src/templates.js": {"path":"/Users/patricktrester/Library/Mobile Documents/com~apple~CloudDocs/web-sites/treejs/src/templates.js","statementMap":{"0":{"start":{"line":3,"column":0},"end":{"line":3,"column":16}},"1":{"start":{"line":5,"column":0},"end":{"line":10,"column":1}},"2":{"start":{"line":7,"column":4},"end":{"line":7,"column":28}},"3":{"start":{"line":8,"column":4},"end":{"line":8,"column":39}},"4":{"start":{"line":12,"column":0},"end":{"line":17,"column":1}},"5":{"start":{"line":13,"column":2},"end":{"line":13,"column":60}},"6":{"start":{"line":14,"column":2},"end":{"line":16,"column":4}},"7":{"start":{"line":15,"column":4},"end":{"line":15,"column":32}},"8":{"start":{"line":19,"column":0},"end":{"line":34,"column":1}},"9":{"start":{"line":20,"column":2},"end":{"line":20,"column":13}},"10":{"start":{"line":21,"column":2},"end":{"line":33,"column":3}},"11":{"start":{"line":22,"column":4},"end":{"line":32,"column":5}},"12":{"start":{"line":25,"column":15},"end":{"line":25,"column":26}},"13":{"start":{"line":27,"column":8},"end":{"line":27,"column":29}},"14":{"start":{"line":28,"column":8},"end":{"line":30,"column":9}},"15":{"start":{"line":29,"column":10},"end":{"line":29,"column":33}},"16":{"start":{"line":36,"column":0},"end":{"line":47,"column":1}},"17":{"start":{"line":37,"column":19},"end":{"line":37,"column":40}},"18":{"start":{"line":38,"column":15},"end":{"line":38,"column":33}},"19":{"start":{"line":39,"column":2},"end":{"line":41,"column":3}},"20":{"start":{"line":40,"column":4},"end":{"line":40,"column":31}},"21":{"start":{"line":42,"column":2},"end":{"line":46,"column":3}},"22":{"start":{"line":43,"column":4},"end":{"line":43,"column":42}},"23":{"start":{"line":44,"column":4},"end":{"line":45,"column":52}},"24":{"start":{"line":44,"column":46},"end":{"line":44,"column":92}},"25":{"start":{"line":45,"column":9},"end":{"line":45,"column":52}},"26":{"start":{"line":49,"column":0},"end":{"line":58,"column":1}},"27":{"start":{"line":50,"column":2},"end":{"line":50,"column":53}},"28":{"start":{"line":50,"column":20},"end":{"line":50,"column":53}},"29":{"start":{"line":51,"column":2},"end":{"line":51,"column":107}},"30":{"start":{"line":51,"column":63},"end":{"line":51,"column":107}},"31":{"start":{"line":52,"column":2},"end":{"line":52,"column":21}},"32":{"start":{"line":53,"column":2},"end":{"line":57,"column":3}},"33":{"start":{"line":54,"column":4},"end":{"line":54,"column":36}},"34":{"start":{"line":54,"column":28},"end":{"line":54,"column":36}},"35":{"start":{"line":55,"column":4},"end":{"line":56,"column":38}},"36":{"start":{"line":55,"column":84},"end":{"line":55,"column":124}},"37":{"start":{"line":56,"column":9},"end":{"line":56,"column":38}}},"fnMap":{"0":{"name":"(anonymous_0)","decl":{"start":{"line":6,"column":2},"end":{"line":6,"column":3}},"loc":{"start":{"line":6,"column":40},"end":{"line":9,"column":3}},"line":6},"1":{"name":"(anonymous_1)","decl":{"start":{"line":12,"column":20},"end":{"line":12,"column":21}},"loc":{"start":{"line":12,"column":46},"end":{"line":17,"column":1}},"line":12},"2":{"name":"(anonymous_2)","decl":{"start":{"line":14,"column":41},"end":{"line":14,"column":42}},"loc":{"start":{"line":14,"column":50},"end":{"line":16,"column":3}},"line":14},"3":{"name":"(anonymous_3)","decl":{"start":{"line":19,"column":16},"end":{"line":19,"column":17}},"loc":{"start":{"line":19,"column":44},"end":{"line":34,"column":1}},"line":19},"4":{"name":"(anonymous_4)","decl":{"start":{"line":36,"column":13},"end":{"line":36,"column":14}},"loc":{"start":{"line":36,"column":40},"end":{"line":47,"column":1}},"line":36},"5":{"name":"(anonymous_5)","decl":{"start":{"line":49,"column":21},"end":{"line":49,"column":22}},"loc":{"start":{"line":49,"column":49},"end":{"line":58,"column":1}},"line":49}},"branchMap":{"0":{"loc":{"start":{"line":39,"column":9},"end":{"line":39,"column":73}},"type":"binary-expr","locations":[{"start":{"line":39,"column":10},"end":{"line":39,"column":19}},{"start":{"line":39,"column":23},"end":{"line":39,"column":44}},{"start":{"line":39,"column":49},"end":{"line":39,"column":73}}],"line":39},"1":{"loc":{"start":{"line":42,"column":2},"end":{"line":46,"column":3}},"type":"if","locations":[{"start":{"line":42,"column":2},"end":{"line":46,"column":3}},{"start":{"line":42,"column":2},"end":{"line":46,"column":3}}],"line":42},"2":{"loc":{"start":{"line":44,"column":4},"end":{"line":45,"column":52}},"type":"if","locations":[{"start":{"line":44,"column":4},"end":{"line":45,"column":52}},{"start":{"line":44,"column":4},"end":{"line":45,"column":52}}],"line":44},"3":{"loc":{"start":{"line":50,"column":2},"end":{"line":50,"column":53}},"type":"if","locations":[{"start":{"line":50,"column":2},"end":{"line":50,"column":53}},{"start":{"line":50,"column":2},"end":{"line":50,"column":53}}],"line":50},"4":{"loc":{"start":{"line":51,"column":2},"end":{"line":51,"column":107}},"type":"if","locations":[{"start":{"line":51,"column":2},"end":{"line":51,"column":107}},{"start":{"line":51,"column":2},"end":{"line":51,"column":107}}],"line":51},"5":{"loc":{"start":{"line":51,"column":6},"end":{"line":51,"column":61}},"type":"binary-expr","locations":[{"start":{"line":51,"column":6},"end":{"line":51,"column":25}},{"start":{"line":51,"column":29},"end":{"line":51,"column":61}}],"line":51},"6":{"loc":{"start":{"line":54,"column":4},"end":{"line":54,"column":36}},"type":"if","locations":[{"start":{"line":54,"column":4},"end":{"line":54,"column":36}},{"start":{"line":54,"column":4},"end":{"line":54,"column":36}}],"line":54},"7":{"loc":{"start":{"line":55,"column":4},"end":{"line":56,"column":38}},"type":"if","locations":[{"start":{"line":55,"column":4},"end":{"line":56,"column":38}},{"start":{"line":55,"column":4},"end":{"line":56,"column":38}}],"line":55},"8":{"loc":{"start":{"line":55,"column":8},"end":{"line":55,"column":82}},"type":"binary-expr","locations":[{"start":{"line":55,"column":8},"end":{"line":55,"column":35}},{"start":{"line":55,"column":39},"end":{"line":55,"column":82}}],"line":55}},"s":{"0":3,"1":3,"2":0,"3":0,"4":3,"5":0,"6":0,"7":0,"8":3,"9":0,"10":0,"11":0,"12":0,"13":0,"14":0,"15":0,"16":3,"17":0,"18":0,"19":0,"20":0,"21":0,"22":0,"23":0,"24":0,"25":0,"26":3,"27":2,"28":0,"29":2,"30":0,"31":2,"32":2,"33":0,"34":0,"35":0,"36":0,"37":0},"f":{"0":0,"1":0,"2":0,"3":0,"4":0,"5":2},"b":{"0":[0,0,0],"1":[0,0],"2":[0,0],"3":[0,2],"4":[0,2],"5":[2,0],"6":[0,0],"7":[0,0],"8":[0,0]},"_coverageSchema":"332fd63041d2c1bcb487cc26dd0d5f7d97098a6c","hash":"dd6ea7366083c4561fa56205e8c0eb61d084e21c"}
,"/Users/patricktrester/Library/Mobile Documents/com~apple~CloudDocs/web-sites/treejs/src/tree.js": {"path":"/Users/patricktrester/Library/Mobile Documents/com~apple~CloudDocs/web-sites/treejs/src/tree.js","statementMap":{"0":{"start":{"line":7,"column":0},"end":{"line":36,"column":1}},"1":{"start":{"line":8,"column":16},"end":{"line":8,"column":21}},"2":{"start":{"line":9,"column":19},"end":{"line":9,"column":21}},"3":{"start":{"line":10,"column":22},"end":{"line":10,"column":83}},"4":{"start":{"line":11,"column":2},"end":{"line":15,"column":3}},"5":{"start":{"line":12,"column":4},"end":{"line":14,"column":72}},"6":{"start":{"line":12,"column":41},"end":{"line":12,"column":69}},"7":{"start":{"line":13,"column":9},"end":{"line":14,"column":72}},"8":{"start":{"line":13,"column":47},"end":{"line":13,"column":69}},"9":{"start":{"line":14,"column":9},"end":{"line":14,"column":72}},"10":{"start":{"line":14,"column":47},"end":{"line":14,"column":72}},"11":{"start":{"line":16,"column":2},"end":{"line":18,"column":3}},"12":{"start":{"line":17,"column":4},"end":{"line":17,"column":32}},"13":{"start":{"line":20,"column":13},"end":{"line":20,"column":44}},"14":{"start":{"line":21,"column":2},"end":{"line":23,"column":3}},"15":{"start":{"line":22,"column":4},"end":{"line":22,"column":30}},"16":{"start":{"line":24,"column":2},"end":{"line":27,"column":3}},"17":{"start":{"line":25,"column":4},"end":{"line":26,"column":47}},"18":{"start":{"line":25,"column":54},"end":{"line":25,"column":94}},"19":{"start":{"line":26,"column":9},"end":{"line":26,"column":47}},"20":{"start":{"line":28,"column":2},"end":{"line":28,"column":33}},"21":{"start":{"line":29,"column":2},"end":{"line":29,"column":36}},"22":{"start":{"line":30,"column":2},"end":{"line":30,"column":40}},"23":{"start":{"line":31,"column":2},"end":{"line":31,"column":30}},"24":{"start":{"line":32,"column":2},"end":{"line":32,"column":104}},"25":{"start":{"line":32,"column":48},"end":{"line":32,"column":104}},"26":{"start":{"line":33,"column":2},"end":{"line":33,"column":38}},"27":{"start":{"line":34,"column":2},"end":{"line":34,"column":64}},"28":{"start":{"line":34,"column":46},"end":{"line":34,"column":64}},"29":{"start":{"line":35,"column":2},"end":{"line":35,"column":13}},"30":{"start":{"line":38,"column":0},"end":{"line":46,"column":1}},"31":{"start":{"line":39,"column":2},"end":{"line":39,"column":56}},"32":{"start":{"line":40,"column":2},"end":{"line":40,"column":53}},"33":{"start":{"line":40,"column":41},"end":{"line":40,"column":53}},"34":{"start":{"line":41,"column":22},"end":{"line":41,"column":24}},"35":{"start":{"line":42,"column":2},"end":{"line":44,"column":3}},"36":{"start":{"line":43,"column":4},"end":{"line":43,"column":67}},"37":{"start":{"line":45,"column":2},"end":{"line":45,"column":22}}},"fnMap":{"0":{"name":"(anonymous_0)","decl":{"start":{"line":7,"column":18},"end":{"line":7,"column":19}},"loc":{"start":{"line":7,"column":30},"end":{"line":36,"column":1}},"line":7},"1":{"name":"(anonymous_1)","decl":{"start":{"line":38,"column":19},"end":{"line":38,"column":20}},"loc":{"start":{"line":38,"column":54},"end":{"line":46,"column":1}},"line":38}},"branchMap":{"0":{"loc":{"start":{"line":10,"column":22},"end":{"line":10,"column":83}},"type":"binary-expr","locations":[{"start":{"line":10,"column":23},"end":{"line":10,"column":38}},{"start":{"line":10,"column":42},"end":{"line":10,"column":65}},{"start":{"line":10,"column":70},"end":{"line":10,"column":83}}],"line":10},"1":{"loc":{"start":{"line":12,"column":4},"end":{"line":14,"column":72}},"type":"if","locations":[{"start":{"line":12,"column":4},"end":{"line":14,"column":72}},{"start":{"line":12,"column":4},"end":{"line":14,"column":72}}],"line":12},"2":{"loc":{"start":{"line":13,"column":9},"end":{"line":14,"column":72}},"type":"if","locations":[{"start":{"line":13,"column":9},"end":{"line":14,"column":72}},{"start":{"line":13,"column":9},"end":{"line":14,"column":72}}],"line":13},"3":{"loc":{"start":{"line":14,"column":9},"end":{"line":14,"column":72}},"type":"if","locations":[{"start":{"line":14,"column":9},"end":{"line":14,"column":72}},{"start":{"line":14,"column":9},"end":{"line":14,"column":72}}],"line":14},"4":{"loc":{"start":{"line":16,"column":2},"end":{"line":18,"column":3}},"type":"if","locations":[{"start":{"line":16,"column":2},"end":{"line":18,"column":3}},{"start":{"line":16,"column":2},"end":{"line":18,"column":3}}],"line":16},"5":{"loc":{"start":{"line":21,"column":2},"end":{"line":23,"column":3}},"type":"if","locations":[{"start":{"line":21,"column":2},"end":{"line":23,"column":3}},{"start":{"line":21,"column":2},"end":{"line":23,"column":3}}],"line":21},"6":{"loc":{"start":{"line":24,"column":2},"end":{"line":27,"column":3}},"type":"if","locations":[{"start":{"line":24,"column":2},"end":{"line":27,"column":3}},{"start":{"line":24,"column":2},"end":{"line":27,"column":3}}],"line":24},"7":{"loc":{"start":{"line":25,"column":4},"end":{"line":26,"column":47}},"type":"if","locations":[{"start":{"line":25,"column":4},"end":{"line":26,"column":47}},{"start":{"line":25,"column":4},"end":{"line":26,"column":47}}],"line":25},"8":{"loc":{"start":{"line":32,"column":2},"end":{"line":32,"column":104}},"type":"if","locations":[{"start":{"line":32,"column":2},"end":{"line":32,"column":104}},{"start":{"line":32,"column":2},"end":{"line":32,"column":104}}],"line":32},"9":{"loc":{"start":{"line":32,"column":6},"end":{"line":32,"column":46}},"type":"binary-expr","locations":[{"start":{"line":32,"column":6},"end":{"line":32,"column":22}},{"start":{"line":32,"column":26},"end":{"line":32,"column":46}}],"line":32},"10":{"loc":{"start":{"line":32,"column":63},"end":{"line":32,"column":103}},"type":"binary-expr","locations":[{"start":{"line":32,"column":63},"end":{"line":32,"column":79}},{"start":{"line":32,"column":83},"end":{"line":32,"column":103}}],"line":32},"11":{"loc":{"start":{"line":34,"column":2},"end":{"line":34,"column":64}},"type":"if","locations":[{"start":{"line":34,"column":2},"end":{"line":34,"column":64}},{"start":{"line":34,"column":2},"end":{"line":34,"column":64}}],"line":34},"12":{"loc":{"start":{"line":39,"column":18},"end":{"line":39,"column":56}},"type":"binary-expr","locations":[{"start":{"line":39,"column":18},"end":{"line":39,"column":31}},{"start":{"line":39,"column":35},"end":{"line":39,"column":39}},{"start":{"line":39,"column":43},"end":{"line":39,"column":56}}],"line":39},"13":{"loc":{"start":{"line":40,"column":2},"end":{"line":40,"column":53}},"type":"if","locations":[{"start":{"line":40,"column":2},"end":{"line":40,"column":53}},{"start":{"line":40,"column":2},"end":{"line":40,"column":53}}],"line":40}},"s":{"0":3,"1":2,"2":2,"3":2,"4":2,"5":1,"6":0,"7":1,"8":1,"9":0,"10":0,"11":2,"12":0,"13":2,"14":2,"15":0,"16":2,"17":0,"18":0,"19":0,"20":2,"21":2,"22":2,"23":2,"24":2,"25":0,"26":2,"27":2,"28":0,"29":2,"30":3,"31":0,"32":0,"33":0,"34":0,"35":0,"36":0,"37":0},"f":{"0":2,"1":0},"b":{"0":[2,2,2],"1":[0,1],"2":[1,0],"3":[0,0],"4":[0,2],"5":[0,2],"6":[0,2],"7":[0,0],"8":[0,2],"9":[2,2],"10":[0,0],"11":[0,2],"12":[0,0,0],"13":[0,0]},"_coverageSchema":"332fd63041d2c1bcb487cc26dd0d5f7d97098a6c","hash":"62410d8afc488170feb67e331a7e2f8efa253099"}
,"/Users/patricktrester/Library/Mobile Documents/com~apple~CloudDocs/web-sites/treejs/tests/~environment.js": {"path":"/Users/patricktrester/Library/Mobile Documents/com~apple~CloudDocs/web-sites/treejs/tests/~environment.js","statementMap":{"0":{"start":{"line":1,"column":15},"end":{"line":1,"column":32}},"1":{"start":{"line":2,"column":0},"end":{"line":2,"column":28}},"2":{"start":{"line":3,"column":0},"end":{"line":3,"column":33}}},"fnMap":{},"branchMap":{},"s":{"0":3,"1":3,"2":3},"f":{},"b":{},"_coverageSchema":"332fd63041d2c1bcb487cc26dd0d5f7d97098a6c","hash":"d7296b9c828ddd52edb19e8a4302f7f3e6cb20ba"}
}
