TN:
SF:/Users/patricktrester/Library/Mobile Documents/com~apple~CloudDocs/web-sites/treejs/src/T.js
FNF:0
FNH:0
DA:1,3
LF:1
LH:1
BRF:0
BRH:0
end_of_record
TN:
SF:/Users/patricktrester/Library/Mobile Documents/com~apple~CloudDocs/web-sites/treejs/src/state.js
FN:5,(anonymous_0)
FN:18,(anonymous_1)
FN:27,(anonymous_2)
FN:38,(anonymous_3)
FN:43,(anonymous_4)
FNF:5
FNH:0
FNDA:0,(anonymous_0)
FNDA:0,(anonymous_1)
FNDA:0,(anonymous_2)
FNDA:0,(anonymous_3)
FNDA:0,(anonymous_4)
DA:3,3
DA:5,3
DA:6,0
DA:7,0
DA:8,0
DA:9,0
DA:10,0
DA:12,0
DA:13,0
DA:14,0
DA:18,3
DA:19,0
DA:23,0
DA:26,0
DA:27,0
DA:28,0
DA:29,0
DA:30,0
DA:31,0
DA:35,0
DA:38,3
DA:39,0
DA:40,0
DA:43,3
DA:44,0
LF:25
LH:5
BRDA:6,0,0,0
BRDA:6,0,1,0
BRDA:9,1,0,0
BRDA:9,1,1,0
BRDA:21,2,0,0
BRDA:21,2,1,0
BRDA:28,3,0,0
BRDA:28,3,1,0
BRDA:29,4,0,0
BRDA:29,4,1,0
BRDA:30,5,0,0
BRDA:30,5,1,0
BRDA:39,6,0,0
BRDA:39,6,1,0
BRF:14
BRH:0
end_of_record
TN:
SF:/Users/patricktrester/Library/Mobile Documents/com~apple~CloudDocs/web-sites/treejs/src/templates.js
FN:6,(anonymous_0)
FN:12,(anonymous_1)
FN:14,(anonymous_2)
FN:19,(anonymous_3)
FN:36,(anonymous_4)
FN:49,(anonymous_5)
FNF:6
FNH:1
FNDA:0,(anonymous_0)
FNDA:0,(anonymous_1)
FNDA:0,(anonymous_2)
FNDA:0,(anonymous_3)
FNDA:0,(anonymous_4)
FNDA:2,(anonymous_5)
DA:3,3
DA:5,3
DA:7,0
DA:8,0
DA:12,3
DA:13,0
DA:14,0
DA:15,0
DA:19,3
DA:20,0
DA:21,0
DA:22,0
DA:25,0
DA:27,0
DA:28,0
DA:29,0
DA:36,3
DA:37,0
DA:38,0
DA:39,0
DA:40,0
DA:42,0
DA:43,0
DA:44,0
DA:45,0
DA:49,3
DA:50,2
DA:51,2
DA:52,2
DA:53,2
DA:54,0
DA:55,0
DA:56,0
LF:33
LH:10
BRDA:39,0,0,0
BRDA:39,0,1,0
BRDA:39,0,2,0
BRDA:42,1,0,0
BRDA:42,1,1,0
BRDA:44,2,0,0
BRDA:44,2,1,0
BRDA:50,3,0,0
BRDA:50,3,1,2
BRDA:51,4,0,0
BRDA:51,4,1,2
BRDA:51,5,0,2
BRDA:51,5,1,0
BRDA:54,6,0,0
BRDA:54,6,1,0
BRDA:55,7,0,0
BRDA:55,7,1,0
BRDA:55,8,0,0
BRDA:55,8,1,0
BRF:19
BRH:3
end_of_record
TN:
SF:/Users/patricktrester/Library/Mobile Documents/com~apple~CloudDocs/web-sites/treejs/src/tree.js
FN:7,(anonymous_0)
FN:38,(anonymous_1)
FNF:2
FNH:1
FNDA:2,(anonymous_0)
FNDA:0,(anonymous_1)
DA:7,3
DA:8,2
DA:9,2
DA:10,2
DA:11,2
DA:12,1
DA:13,1
DA:14,0
DA:16,2
DA:17,0
DA:20,2
DA:21,2
DA:22,0
DA:24,2
DA:25,0
DA:26,0
DA:28,2
DA:29,2
DA:30,2
DA:31,2
DA:32,2
DA:33,2
DA:34,2
DA:35,2
DA:38,3
DA:39,0
DA:40,0
DA:41,0
DA:42,0
DA:43,0
DA:45,0
LF:31
LH:20
BRDA:10,0,0,2
BRDA:10,0,1,2
BRDA:10,0,2,2
BRDA:12,1,0,0
BRDA:12,1,1,1
BRDA:13,2,0,1
BRDA:13,2,1,0
BRDA:14,3,0,0
BRDA:14,3,1,0
BRDA:16,4,0,0
BRDA:16,4,1,2
BRDA:21,5,0,0
BRDA:21,5,1,2
BRDA:24,6,0,0
BRDA:24,6,1,2
BRDA:25,7,0,0
BRDA:25,7,1,0
BRDA:32,8,0,0
BRDA:32,8,1,2
BRDA:32,9,0,2
BRDA:32,9,1,2
BRDA:32,10,0,0
BRDA:32,10,1,0
BRDA:34,11,0,0
BRDA:34,11,1,2
BRDA:39,12,0,0
BRDA:39,12,1,0
BRDA:39,12,2,0
BRDA:40,13,0,0
BRDA:40,13,1,0
BRF:30
BRH:12
end_of_record
TN:
SF:/Users/patricktrester/Library/Mobile Documents/com~apple~CloudDocs/web-sites/treejs/tests/~environment.js
FNF:0
FNH:0
DA:1,3
DA:2,3
DA:3,3
LF:3
LH:3
BRF:0
BRH:0
end_of_record
