TN:
SF:/Users/patricktrester/Library/Mobile Documents/com~apple~CloudDocs/web-sites/treejs/src/T.js
FNF:0
FNH:0
DA:1,3
LF:1
LH:1
BRF:0
BRH:0
end_of_record
TN:
SF:/Users/patricktrester/Library/Mobile Documents/com~apple~CloudDocs/web-sites/treejs/src/state.js
FN:5,(anonymous_0)
FN:18,(anonymous_1)
FN:27,(anonymous_2)
FN:38,(anonymous_3)
FN:43,(anonymous_4)
FNF:5
FNH:0
FNDA:0,(anonymous_0)
FNDA:0,(anonymous_1)
FNDA:0,(anonymous_2)
FNDA:0,(anonymous_3)
FNDA:0,(anonymous_4)
DA:3,3
DA:5,3
DA:6,0
DA:7,0
DA:8,0
DA:9,0
DA:10,0
DA:12,0
DA:13,0
DA:14,0
DA:18,3
DA:19,0
DA:23,0
DA:26,0
DA:27,0
DA:28,0
DA:29,0
DA:30,0
DA:31,0
DA:35,0
DA:38,3
DA:39,0
DA:40,0
DA:43,3
DA:44,0
LF:25
LH:5
BRDA:6,0,0,0
BRDA:6,0,1,0
BRDA:9,1,0,0
BRDA:9,1,1,0
BRDA:21,2,0,0
BRDA:21,2,1,0
BRDA:28,3,0,0
BRDA:28,3,1,0
BRDA:29,4,0,0
BRDA:29,4,1,0
BRDA:30,5,0,0
BRDA:30,5,1,0
BRDA:39,6,0,0
BRDA:39,6,1,0
BRF:14
BRH:0
end_of_record
TN:
SF:/Users/patricktrester/Library/Mobile Documents/com~apple~CloudDocs/web-sites/treejs/src/templates.js
FN:6,(anonymous_0)
FN:12,(anonymous_1)
FN:14,(anonymous_2)
FN:19,(anonymous_3)
FN:36,(anonymous_4)
FN:49,(anonymous_5)
FNF:6
FNH:1
FNDA:0,(anonymous_0)
FNDA:0,(anonymous_1)
FNDA:0,(anonymous_2)
FNDA:0,(anonymous_3)
FNDA:0,(anonymous_4)
FNDA:28,(anonymous_5)
DA:3,3
DA:5,3
DA:7,0
DA:8,0
DA:12,3
DA:13,0
DA:14,0
DA:15,0
DA:19,3
DA:20,0
DA:21,0
DA:22,0
DA:25,0
DA:27,0
DA:28,0
DA:29,0
DA:36,3
DA:37,0
DA:38,0
DA:39,0
DA:40,0
DA:42,0
DA:43,0
DA:44,0
DA:45,0
DA:49,3
DA:50,28
DA:51,28
DA:52,28
DA:53,28
DA:54,8
DA:55,7
DA:56,7
LF:33
LH:13
BRDA:39,0,0,0
BRDA:39,0,1,0
BRDA:39,0,2,0
BRDA:42,1,0,0
BRDA:42,1,1,0
BRDA:44,2,0,0
BRDA:44,2,1,0
BRDA:50,3,0,0
BRDA:50,3,1,28
BRDA:51,4,0,0
BRDA:51,4,1,28
BRDA:51,5,0,28
BRDA:51,5,1,0
BRDA:54,6,0,1
BRDA:54,6,1,7
BRDA:55,7,0,0
BRDA:55,7,1,7
BRDA:55,8,0,7
BRDA:55,8,1,0
BRF:19
BRH:7
end_of_record
TN:
SF:/Users/patricktrester/Library/Mobile Documents/com~apple~CloudDocs/web-sites/treejs/src/tree.js
FN:7,(anonymous_0)
FN:38,(anonymous_1)
FNF:2
FNH:2
FNDA:28,(anonymous_0)
FNDA:5,(anonymous_1)
DA:7,3
DA:8,28
DA:9,28
DA:10,28
DA:11,28
DA:12,35
DA:13,21
DA:14,19
DA:16,28
DA:17,1
DA:20,28
DA:21,28
DA:22,2
DA:24,28
DA:25,2
DA:26,1
DA:28,28
DA:29,28
DA:30,28
DA:31,28
DA:32,28
DA:33,28
DA:34,28
DA:35,28
DA:38,3
DA:39,5
DA:40,5
DA:41,4
DA:42,4
DA:43,12
DA:45,4
LF:31
LH:31
BRDA:10,0,0,28
BRDA:10,0,1,28
BRDA:10,0,2,1
BRDA:10,0,3,27
BRDA:12,1,0,14
BRDA:12,1,1,21
BRDA:13,2,0,2
BRDA:13,2,1,19
BRDA:14,3,0,19
BRDA:14,3,1,0
BRDA:16,4,0,1
BRDA:16,4,1,27
BRDA:21,5,0,2
BRDA:21,5,1,26
BRDA:24,6,0,2
BRDA:24,6,1,26
BRDA:25,7,0,1
BRDA:25,7,1,1
BRDA:32,8,0,2
BRDA:32,8,1,26
BRDA:32,9,0,28
BRDA:32,9,1,27
BRDA:32,10,0,2
BRDA:32,10,1,1
BRDA:34,11,0,1
BRDA:34,11,1,27
BRDA:39,12,0,5
BRDA:39,12,1,4
BRDA:39,12,2,4
BRDA:39,12,3,1
BRDA:39,12,4,3
BRDA:40,13,0,1
BRDA:40,13,1,4
BRF:33
BRH:32
end_of_record
TN:
SF:/Users/patricktrester/Library/Mobile Documents/com~apple~CloudDocs/web-sites/treejs/tests/~environment.js
FNF:0
FNH:0
DA:1,3
DA:2,3
DA:3,3
LF:3
LH:3
BRF:0
BRH:0
end_of_record
